[debug] [2023-10-30T08:58:31.713Z] ----------------------------------------------------------------------
[debug] [2023-10-30T08:58:31.717Z] Command:       C:\ProgramData\nvm\v16.20.2\node.exe C:\ProgramData\nvm\v16.20.2\node_modules\firebase-tools\lib\bin\firebase.js init
[debug] [2023-10-30T08:58:31.718Z] CLI Version:   12.7.0
[debug] [2023-10-30T08:58:31.718Z] Platform:      win32
[debug] [2023-10-30T08:58:31.719Z] Node Version:  v16.20.2
[debug] [2023-10-30T08:58:31.721Z] Time:          Mon Oct 30 2023 04:58:31 GMT-0400 (hora de Venezuela)
[debug] [2023-10-30T08:58:31.721Z] ----------------------------------------------------------------------
[debug] 
[debug] [2023-10-30T08:58:31.743Z] > command requires scopes: ["email","openid","https://www.googleapis.com/auth/cloudplatformprojects.readonly","https://www.googleapis.com/auth/firebase","https://www.googleapis.com/auth/cloud-platform"]
[debug] [2023-10-30T08:58:31.744Z] > authorizing via signed-in user (jatsalaberria@gmail.com)
[info] 
     ######## #### ########  ######## ########     ###     ######  ########
     ##        ##  ##     ## ##       ##     ##  ##   ##  ##       ##
     ######    ##  ########  ######   ########  #########  ######  ######
     ##        ##  ##    ##  ##       ##     ## ##     ##       ## ##
     ##       #### ##     ## ######## ########  ##     ##  ######  ########

You're about to initialize a Firebase project in this directory:

  C:\Users\jatsala\Documents\Proyectos\test_reactjs\jats-fb-shopping

[info] 
=== Project Setup
[info] 
[info] First, let's associate this project directory with a Firebase project.
[info] You can create multiple project aliases by running firebase use --add, 
[info] but for now we'll just set up a default project.
[info] 
[debug] [2023-10-30T09:02:19.339Z] >>> [apiv2][query] GET https://firebase.googleapis.com/v1beta1/projects pageSize=100
[debug] [2023-10-30T09:02:19.936Z] <<< [apiv2][status] GET https://firebase.googleapis.com/v1beta1/projects 200
[debug] [2023-10-30T09:02:19.936Z] <<< [apiv2][body] GET https://firebase.googleapis.com/v1beta1/projects [omitted]
[info] i  Using project jats-fb-shopping (jats-fb-shopping) 
[info] 
=== Hosting Setup
[info] 
[info] Your public directory is the folder (relative to your project directory) that
[info] will contain Hosting assets to be uploaded with firebase deploy. If you
[info] have a build process for your assets, use your build's output directory.
[info] 
[debug] [2023-10-30T09:06:00.540Z] >>> [apiv2][query] GET https://www.gstatic.com/firebasejs/releases.json [none]
[debug] [2023-10-30T09:06:00.763Z] <<< [apiv2][status] GET https://www.gstatic.com/firebasejs/releases.json 200
[debug] [2023-10-30T09:06:00.763Z] <<< [apiv2][body] GET https://www.gstatic.com/firebasejs/releases.json {"current":{"version":"10.5.2","browserURL":"https://www.gstatic.com/firebasejs/10.5.2/firebase.js","packageURL":"https://www.gstatic.com/firebasejs/10.5.2/firebase.tgz"},"live":{"version":"10.5","browserURL":"https://www.gstatic.com/firebasejs/live/10.5/firebase.js","packageURL":"https://www.gstatic.com/firebasejs/live/10.5/firebase.tgz"},"components":{"analytics":"https://www.gstatic.com/firebasejs/10.5.2/firebase-analytics.js","app":"https://www.gstatic.com/firebasejs/10.5.2/firebase-app.js","app-check":"https://www.gstatic.com/firebasejs/10.5.2/firebase-app-check.js","auth":"https://www.gstatic.com/firebasejs/10.5.2/firebase-auth.js","auth/cordova":"https://www.gstatic.com/firebasejs/10.5.2/firebase-auth/cordova.js","functions":"https://www.gstatic.com/firebasejs/10.5.2/firebase-functions.js","firestore":"https://www.gstatic.com/firebasejs/10.5.2/firebase-firestore.js","firestore/lite":"https://www.gstatic.com/firebasejs/10.5.2/firebase-firestore/lite.js","installations":"https://www.gstatic.com/firebasejs/10.5.2/firebase-installations.js","storage":"https://www.gstatic.com/firebasejs/10.5.2/firebase-storage.js","performance":"https://www.gstatic.com/firebasejs/10.5.2/firebase-performance.js","remote-config":"https://www.gstatic.com/firebasejs/10.5.2/firebase-remote-config.js","messaging":"https://www.gstatic.com/firebasejs/10.5.2/firebase-messaging.js","messaging/sw":"https://www.gstatic.com/firebasejs/10.5.2/firebase-messaging/sw.js","database":"https://www.gstatic.com/firebasejs/10.5.2/firebase-database.js","firestore.memory":"https://www.gstatic.com/firebasejs/10.5.2/firebase-firestore.memory.js"}}
[info] +  Wrote build/index.html 
[info] 
[info] i  Detected a .git folder at C:\Users\jatsala\Documents\Proyectos\test_reactjs\jats-fb-shopping 
[info] i  Authorizing with GitHub to upload your service account to a GitHub repository's secrets store. 
[info] 
[info] Visit this URL on this device to log in:
[info] https://github.com/login/oauth/authorize?client_id=89cf50f02ac6aaed3484&state=164157034&redirect_uri=http%3A%2F%2Flocalhost%3A9005&scope=read%3Auser%20repo%20public_repo
[info] 
[info] Waiting for authentication...
[debug] [2023-10-30T09:12:16.133Z] >>> [apiv2][query] POST https://github.com/login/oauth/access_token [none]
[debug] [2023-10-30T09:12:16.134Z] >>> [apiv2][body] POST https://github.com/login/oauth/access_token [stream]
[debug] [2023-10-30T09:12:16.576Z] <<< [apiv2][status] POST https://github.com/login/oauth/access_token 200
[debug] [2023-10-30T09:12:16.577Z] <<< [apiv2][body] POST https://github.com/login/oauth/access_token {"access_token":"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","token_type":"bearer","scope":"read:user,repo"}
[debug] [2023-10-30T09:12:16.596Z] >>> [apiv2][query] GET https://api.github.com/user [none]
[debug] [2023-10-30T09:12:17.015Z] <<< [apiv2][status] GET https://api.github.com/user 200
[debug] [2023-10-30T09:12:17.016Z] <<< [apiv2][body] GET https://api.github.com/user {"login":"jatsala","id":42949052,"node_id":"MDQ6VXNlcjQyOTQ5MDUy","avatar_url":"https://avatars.githubusercontent.com/u/42949052?v=4","gravatar_id":"","url":"https://api.github.com/users/jatsala","html_url":"https://github.com/jatsala","followers_url":"https://api.github.com/users/jatsala/followers","following_url":"https://api.github.com/users/jatsala/following{/other_user}","gists_url":"https://api.github.com/users/jatsala/gists{/gist_id}","starred_url":"https://api.github.com/users/jatsala/starred{/owner}{/repo}","subscriptions_url":"https://api.github.com/users/jatsala/subscriptions","organizations_url":"https://api.github.com/users/jatsala/orgs","repos_url":"https://api.github.com/users/jatsala/repos","events_url":"https://api.github.com/users/jatsala/events{/privacy}","received_events_url":"https://api.github.com/users/jatsala/received_events","type":"User","site_admin":false,"name":null,"company":null,"blog":"","location":null,"email":null,"hireable":null,"bio":null,"twitter_username":null,"public_repos":9,"public_gists":0,"followers":0,"following":0,"created_at":"2018-09-03T22:20:30Z","updated_at":"2023-10-30T09:10:14Z","private_gists":0,"total_private_repos":1,"owned_private_repos":1,"disk_usage":39966,"collaborators":0,"two_factor_authentication":false,"plan":{"name":"free","space":976562499,"collaborators":0,"private_repos":10000}}
[info] 
[info] +  Success! Logged into GitHub as jatsala 
[info] 
[debug] [2023-10-30T09:12:40.205Z] >>> [apiv2][query] GET https://api.github.com/repos/jatsala/actions/secrets/public-key type=owner
[debug] [2023-10-30T09:12:40.207Z] >>> [apiv2][query] GET https://api.github.com/repos///actions/secrets/public-key type=owner
[debug] [2023-10-30T09:12:40.487Z] <<< [apiv2][status] GET https://api.github.com/repos///actions/secrets/public-key 404
[debug] [2023-10-30T09:12:40.488Z] <<< [apiv2][body] GET https://api.github.com/repos///actions/secrets/public-key {"message":"Not Found","documentation_url":"https://docs.github.com/rest"}
[info] 
[info] 
[error] !  The provided authorization cannot be used with this repository. If this repository is in an organization, did you remember to grant access? 
[info] 
[info] i  Action required: Visit this URL to ensure access has been granted to the appropriate organization(s) for the Firebase CLI GitHub OAuth App: 
[info] https://github.com/settings/connections/applications/89cf50f02ac6aaed3484
[info] 
[debug] [2023-10-30T09:12:40.502Z] <<< [apiv2][status] GET https://api.github.com/repos/jatsala/actions/secrets/public-key 404
[debug] [2023-10-30T09:12:40.502Z] <<< [apiv2][body] GET https://api.github.com/repos/jatsala/actions/secrets/public-key {"message":"Not Found","documentation_url":"https://docs.github.com/rest"}
[info] 
[info] 
[error] !  The provided authorization cannot be used with this repository. If this repository is in an organization, did you remember to grant access? 
[info] 
[info] i  Action required: Visit this URL to ensure access has been granted to the appropriate organization(s) for the Firebase CLI GitHub OAuth App: 
[info] https://github.com/settings/connections/applications/89cf50f02ac6aaed3484
[info] 
[debug] [2023-10-30T09:14:03.908Z] >>> [apiv2][query] GET https://api.github.com/repos/jats-fb-shopping/jatsala/actions/secrets/public-key type=owner
[debug] [2023-10-30T09:14:04.256Z] <<< [apiv2][status] GET https://api.github.com/repos/jats-fb-shopping/jatsala/actions/secrets/public-key 404
[debug] [2023-10-30T09:14:04.257Z] <<< [apiv2][body] GET https://api.github.com/repos/jats-fb-shopping/jatsala/actions/secrets/public-key {"message":"Not Found","documentation_url":"https://docs.github.com/rest/actions/secrets#get-a-repository-public-key"}
[info] 
[info] 
[error] !  The provided authorization cannot be used with this repository. If this repository is in an organization, did you remember to grant access? 
[info] 
[info] i  Action required: Visit this URL to ensure access has been granted to the appropriate organization(s) for the Firebase CLI GitHub OAuth App: 
[info] https://github.com/settings/connections/applications/89cf50f02ac6aaed3484
[info] 
